<?xml version="1.0" encoding="UTF-8"?>
<testsuite name="com.greglski.filereader.io.FileReaderTestSuite" tests="1" skipped="0" failures="0" errors="0" timestamp="2018-03-18T11:52:15" hostname="T520-Lenovo" time="0.0">
  <properties/>
  <testcase name="testReadFile" classname="com.greglski.filereader.io.FileReaderTestSuite" time="0.0"/>
  <system-out><![CDATA[]]></system-out>
  <system-err><![CDATA[]]></system-err>
</testsuite>
