<?xml version="1.0" encoding="UTF-8"?>
<testsuite name="com.greglski.filereader.io.PersonTestSuite" tests="2" skipped="0" failures="0" errors="0" timestamp="2018-03-18T11:00:09" hostname="T520-Lenovo" time="0.017">
  <properties/>
  <testcase name="testPersonConstructor" classname="com.greglski.filereader.io.PersonTestSuite" time="0.0"/>
  <testcase name="testGetAge" classname="com.greglski.filereader.io.PersonTestSuite" time="0.016"/>
  <system-out><![CDATA[]]></system-out>
  <system-err><![CDATA[]]></system-err>
</testsuite>
