<?xml version="1.0" encoding="UTF-8"?>
<testsuite name="com.greglski.filereader.io.ListOfPersonsTestSuite" tests="1" skipped="0" failures="0" errors="0" timestamp="2018-03-18T11:00:09" hostname="T520-Lenovo" time="0.001">
  <properties/>
  <testcase name="testGetPersonList" classname="com.greglski.filereader.io.ListOfPersonsTestSuite" time="0.001"/>
  <system-out><![CDATA[]]></system-out>
  <system-err><![CDATA[]]></system-err>
</testsuite>
