<?xml version="1.0" encoding="UTF-8"?>
<testsuite name="com.greglski.filereader.io.PersonTestSuite" tests="2" skipped="0" failures="0" errors="0" timestamp="2018-03-18T11:52:15" hostname="T520-Lenovo" time="0.024">
  <properties/>
  <testcase name="testPersonConstructor" classname="com.greglski.filereader.io.PersonTestSuite" time="0.001"/>
  <testcase name="testGetAge" classname="com.greglski.filereader.io.PersonTestSuite" time="0.023"/>
  <system-out><![CDATA[]]></system-out>
  <system-err><![CDATA[]]></system-err>
</testsuite>
